<?xml version="1.0" encoding="UTF-8"?>
<!-- Generated by org.testng.reporters.JUnitReportReporter -->
<testsuite hostname="DESKTOP-52G57BF" failures="0" tests="1" name="scripting.Testcase2" time="17.557" errors="0" timestamp="2022-11-04T14:54:51 IST" skipped="0">
  <testcase classname="scripting.Testcase2" name="tc2" time="17.557"/>
  <system-out/>
</testsuite> <!-- scripting.Testcase2 -->
